2023-12-12T12:08:18+00:00 CRITICAL Uncaught Error: Call to undefined function the_site_logo() in C:\xampp\htdocs\wordpress\wp-content\themes\cloth\header.php:108
Stack trace:
#0 C:\xampp\htdocs\wordpress\wp-includes\template.php(790): require_once()
#1 C:\xampp\htdocs\wordpress\wp-includes\template.php(725): load_template('C:\\xampp\\htdocs...', true, Array)
#2 C:\xampp\htdocs\wordpress\wp-includes\general-template.php(48): locate_template(Array, true, true, Array)
#3 C:\xampp\htdocs\wordpress\wp-content\themes\cloth\index.php(15): get_header()
#4 C:\xampp\htdocs\wordpress\wp-includes\template-loader.php(106): include('C:\\xampp\\htdocs...')
#5 C:\xampp\htdocs\wordpress\wp-blog-header.php(19): require_once('C:\\xampp\\htdocs...')
#6 C:\xampp\htdocs\wordpress\index.php(17): require('C:\\xampp\\htdocs...')
#7 {main}
  thrown in C:\xampp\htdocs\wordpress\wp-content\themes\cloth\header.php on line 108

2023-12-12T12:08:45+00:00 CRITICAL Uncaught Error: Call to undefined function the_site_logo() in C:\xampp\htdocs\wordpress\wp-content\themes\cloth\header.php:108
Stack trace:
#0 C:\xampp\htdocs\wordpress\wp-includes\template.php(790): require_once()
#1 C:\xampp\htdocs\wordpress\wp-includes\template.php(725): load_template('C:\\xampp\\htdocs...', true, Array)
#2 C:\xampp\htdocs\wordpress\wp-includes\general-template.php(48): locate_template(Array, true, true, Array)
#3 C:\xampp\htdocs\wordpress\wp-content\themes\cloth\index.php(15): get_header()
#4 C:\xampp\htdocs\wordpress\wp-includes\template-loader.php(106): include('C:\\xampp\\htdocs...')
#5 C:\xampp\htdocs\wordpress\wp-blog-header.php(19): require_once('C:\\xampp\\htdocs...')
#6 C:\xampp\htdocs\wordpress\index.php(17): require('C:\\xampp\\htdocs...')
#7 {main}
  thrown in C:\xampp\htdocs\wordpress\wp-content\themes\cloth\header.php on line 108

